<?xml version="1.0" encoding="UTF-8"?>
<testng-results skipped="0" failed="0" total="1" passed="1">
  <reporter-output>
  </reporter-output>
  <suite name="Default suite" duration-ms="9293" started-at="2019-09-04T15:57:06Z" finished-at="2019-09-04T15:57:16Z">
    <groups>
    </groups>
    <test name="Default test" duration-ms="9293" started-at="2019-09-04T15:57:06Z" finished-at="2019-09-04T15:57:16Z">
      <class name="basicSelenium.Flipkart1">
        <test-method status="PASS" signature="test1()[pri:0, instance:basicSelenium.Flipkart1@7dc7cbad]" name="test1" duration-ms="9261" started-at="2019-09-04T21:27:06Z" finished-at="2019-09-04T21:27:16Z">
          <reporter-output>
          </reporter-output>
        </test-method> <!-- test1 -->
      </class> <!-- basicSelenium.Flipkart1 -->
    </test> <!-- Default test -->
  </suite> <!-- Default suite -->
</testng-results>
