<?xml version="1.0" encoding="UTF-8"?>
<!-- Generated by org.testng.reporters.JUnitXMLReporter -->
<testsuite hostname="LAPTOP-GGEQTGMO" name="SFDC" tests="5" failures="0" timestamp="3 Sep 2019 08:53:28 GMT" time="0.064" errors="0">
  <testcase name="test1" time="0.009" classname="basicAnnotations2.TestClass3"/>
  <testcase name="test3" time="0.002" classname="basicAnnotations2.TestClass3"/>
  <testcase name="test1" time="0.002" classname="basicAnnotations2.TestClass2"/>
  <testcase name="test2" time="0.002" classname="basicAnnotations2.TestClass2"/>
  <testcase name="test3" time="0.001" classname="basicAnnotations2.TestClass2"/>
</testsuite> <!-- SFDC -->
