<?xml version="1.0" encoding="UTF-8"?>
<testng-results skipped="0" failed="0" total="11" passed="11">
  <reporter-output>
  </reporter-output>
  <suite name="Default suite" duration-ms="471" started-at="2019-08-23T16:11:08Z" finished-at="2019-08-23T16:11:08Z">
    <groups>
    </groups>
    <test name="Default test" duration-ms="471" started-at="2019-08-23T16:11:08Z" finished-at="2019-08-23T16:11:08Z">
      <class name="basicAnnotations.TestNGClass1">
        <test-method status="PASS" signature="loginName(java.lang.String, java.lang.String)[pri:0, instance:basicAnnotations.TestNGClass1@643b1d11]" name="loginName" duration-ms="26" started-at="2019-08-23T21:41:08Z" data-provider="getData2" finished-at="2019-08-23T21:41:08Z">
          <params>
            <param index="0">
              <value>
                <![CDATA[Vinod]]>
              </value>
            </param>
            <param index="1">
              <value>
                <![CDATA[password]]>
              </value>
            </param>
          </params>
          <reporter-output>
          </reporter-output>
        </test-method> <!-- loginName -->
        <test-method status="PASS" signature="loginName(java.lang.String, java.lang.String)[pri:0, instance:basicAnnotations.TestNGClass1@643b1d11]" name="loginName" duration-ms="1" started-at="2019-08-23T21:41:08Z" data-provider="getData2" finished-at="2019-08-23T21:41:08Z">
          <params>
            <param index="0">
              <value>
                <![CDATA[username1]]>
              </value>
            </param>
            <param index="1">
              <value>
                <![CDATA[password1]]>
              </value>
            </param>
          </params>
          <reporter-output>
          </reporter-output>
        </test-method> <!-- loginName -->
        <test-method status="PASS" signature="loginName(java.lang.String, java.lang.String)[pri:0, instance:basicAnnotations.TestNGClass1@643b1d11]" name="loginName" duration-ms="0" started-at="2019-08-23T21:41:08Z" data-provider="getData2" finished-at="2019-08-23T21:41:08Z">
          <params>
            <param index="0">
              <value>
                <![CDATA[username2]]>
              </value>
            </param>
            <param index="1">
              <value>
                <![CDATA[password2]]>
              </value>
            </param>
          </params>
          <reporter-output>
          </reporter-output>
        </test-method> <!-- loginName -->
        <test-method status="PASS" signature="loginName(java.lang.String, java.lang.String)[pri:0, instance:basicAnnotations.TestNGClass1@643b1d11]" name="loginName" duration-ms="1" started-at="2019-08-23T21:41:08Z" data-provider="getData2" finished-at="2019-08-23T21:41:08Z">
          <params>
            <param index="0">
              <value>
                <![CDATA[username3]]>
              </value>
            </param>
            <param index="1">
              <value>
                <![CDATA[password3]]>
              </value>
            </param>
          </params>
          <reporter-output>
          </reporter-output>
        </test-method> <!-- loginName -->
        <test-method status="PASS" signature="loginName(java.lang.String, java.lang.String)[pri:0, instance:basicAnnotations.TestNGClass1@643b1d11]" name="loginName" duration-ms="0" started-at="2019-08-23T21:41:08Z" data-provider="getData2" finished-at="2019-08-23T21:41:08Z">
          <params>
            <param index="0">
              <value>
                <![CDATA[username4]]>
              </value>
            </param>
            <param index="1">
              <value>
                <![CDATA[password4]]>
              </value>
            </param>
          </params>
          <reporter-output>
          </reporter-output>
        </test-method> <!-- loginName -->
        <test-method status="PASS" signature="loginName(java.lang.String, java.lang.String)[pri:0, instance:basicAnnotations.TestNGClass1@643b1d11]" name="loginName" duration-ms="4" started-at="2019-08-23T21:41:08Z" data-provider="getData2" finished-at="2019-08-23T21:41:08Z">
          <params>
            <param index="0">
              <value>
                <![CDATA[username5]]>
              </value>
            </param>
            <param index="1">
              <value>
                <![CDATA[password5]]>
              </value>
            </param>
          </params>
          <reporter-output>
          </reporter-output>
        </test-method> <!-- loginName -->
        <test-method status="PASS" signature="loginName(java.lang.String, java.lang.String)[pri:0, instance:basicAnnotations.TestNGClass1@643b1d11]" name="loginName" duration-ms="4" started-at="2019-08-23T21:41:08Z" data-provider="getData2" finished-at="2019-08-23T21:41:08Z">
          <params>
            <param index="0">
              <value>
                <![CDATA[username6]]>
              </value>
            </param>
            <param index="1">
              <value>
                <![CDATA[password6]]>
              </value>
            </param>
          </params>
          <reporter-output>
          </reporter-output>
        </test-method> <!-- loginName -->
        <test-method status="PASS" signature="loginName(java.lang.String, java.lang.String)[pri:0, instance:basicAnnotations.TestNGClass1@643b1d11]" name="loginName" duration-ms="8" started-at="2019-08-23T21:41:08Z" data-provider="getData2" finished-at="2019-08-23T21:41:08Z">
          <params>
            <param index="0">
              <value>
                <![CDATA[username7]]>
              </value>
            </param>
            <param index="1">
              <value>
                <![CDATA[password7]]>
              </value>
            </param>
          </params>
          <reporter-output>
          </reporter-output>
        </test-method> <!-- loginName -->
        <test-method status="PASS" signature="loginName(java.lang.String, java.lang.String)[pri:0, instance:basicAnnotations.TestNGClass1@643b1d11]" name="loginName" duration-ms="8" started-at="2019-08-23T21:41:08Z" data-provider="getData2" finished-at="2019-08-23T21:41:08Z">
          <params>
            <param index="0">
              <value>
                <![CDATA[username8]]>
              </value>
            </param>
            <param index="1">
              <value>
                <![CDATA[password8]]>
              </value>
            </param>
          </params>
          <reporter-output>
          </reporter-output>
        </test-method> <!-- loginName -->
        <test-method status="PASS" signature="loginName(java.lang.String, java.lang.String)[pri:0, instance:basicAnnotations.TestNGClass1@643b1d11]" name="loginName" duration-ms="0" started-at="2019-08-23T21:41:08Z" data-provider="getData2" finished-at="2019-08-23T21:41:08Z">
          <params>
            <param index="0">
              <value>
                <![CDATA[username9]]>
              </value>
            </param>
            <param index="1">
              <value>
                <![CDATA[password9]]>
              </value>
            </param>
          </params>
          <reporter-output>
          </reporter-output>
        </test-method> <!-- loginName -->
        <test-method status="PASS" signature="loginName(java.lang.String, java.lang.String)[pri:0, instance:basicAnnotations.TestNGClass1@643b1d11]" name="loginName" duration-ms="8" started-at="2019-08-23T21:41:08Z" data-provider="getData2" finished-at="2019-08-23T21:41:08Z">
          <params>
            <param index="0">
              <value>
                <![CDATA[username10]]>
              </value>
            </param>
            <param index="1">
              <value>
                <![CDATA[password10]]>
              </value>
            </param>
          </params>
          <reporter-output>
          </reporter-output>
        </test-method> <!-- loginName -->
      </class> <!-- basicAnnotations.TestNGClass1 -->
    </test> <!-- Default test -->
  </suite> <!-- Default suite -->
</testng-results>
