<?xml version="1.0" encoding="UTF-8"?>
<!-- Generated by org.testng.reporters.JUnitXMLReporter -->
<testsuite hostname="LAPTOP-GGEQTGMO" name="Default test" tests="11" failures="0" timestamp="23 Aug 2019 16:11:08 GMT" time="0.471" errors="0">
  <testcase name="loginName" time="0.026" classname="basicAnnotations.TestNGClass1"/>
  <testcase name="loginName" time="0.001" classname="basicAnnotations.TestNGClass1"/>
  <testcase name="loginName" time="0.0" classname="basicAnnotations.TestNGClass1"/>
  <testcase name="loginName" time="0.001" classname="basicAnnotations.TestNGClass1"/>
  <testcase name="loginName" time="0.0" classname="basicAnnotations.TestNGClass1"/>
  <testcase name="loginName" time="0.004" classname="basicAnnotations.TestNGClass1"/>
  <testcase name="loginName" time="0.004" classname="basicAnnotations.TestNGClass1"/>
  <testcase name="loginName" time="0.008" classname="basicAnnotations.TestNGClass1"/>
  <testcase name="loginName" time="0.008" classname="basicAnnotations.TestNGClass1"/>
  <testcase name="loginName" time="0.0" classname="basicAnnotations.TestNGClass1"/>
  <testcase name="loginName" time="0.008" classname="basicAnnotations.TestNGClass1"/>
</testsuite> <!-- Default test -->
