<?xml version="1.0" encoding="UTF-8"?>
<!-- Generated by org.testng.reporters.JUnitXMLReporter -->
<testsuite hostname="LAPTOP-GGEQTGMO" name="Default test" tests="11" failures="0" timestamp="27 Aug 2019 17:22:26 GMT" time="1.119" errors="0">
  <testcase name="loginName" time="0.013" classname="basicAnnotations.HWTestNGClass"/>
  <testcase name="loginName" time="0.001" classname="basicAnnotations.HWTestNGClass"/>
  <testcase name="loginName" time="0.002" classname="basicAnnotations.HWTestNGClass"/>
  <testcase name="loginName" time="0.0" classname="basicAnnotations.HWTestNGClass"/>
  <testcase name="loginName" time="0.005" classname="basicAnnotations.HWTestNGClass"/>
  <testcase name="loginName" time="0.001" classname="basicAnnotations.HWTestNGClass"/>
  <testcase name="loginName" time="0.0" classname="basicAnnotations.HWTestNGClass"/>
  <testcase name="loginName" time="0.001" classname="basicAnnotations.HWTestNGClass"/>
  <testcase name="loginName" time="0.002" classname="basicAnnotations.HWTestNGClass"/>
  <testcase name="loginName" time="0.0" classname="basicAnnotations.HWTestNGClass"/>
  <testcase name="loginName" time="0.005" classname="basicAnnotations.HWTestNGClass"/>
</testsuite> <!-- Default test -->
