<?xml version="1.0" encoding="UTF-8"?>
<testng-results skipped="0" failed="0" total="1" passed="1">
  <reporter-output>
  </reporter-output>
  <suite name="Default suite" duration-ms="4105" started-at="2019-09-23T15:31:37Z" finished-at="2019-09-23T15:31:41Z">
    <groups>
    </groups>
    <test name="Default test" duration-ms="4105" started-at="2019-09-23T15:31:37Z" finished-at="2019-09-23T15:31:41Z">
      <class name="apitesting.createRecord">
        <test-method status="PASS" signature="create()[pri:0, instance:apitesting.createRecord@2b98378d]" name="create" duration-ms="4067" started-at="2019-09-23T21:01:37Z" finished-at="2019-09-23T21:01:41Z">
          <reporter-output>
          </reporter-output>
        </test-method> <!-- create -->
      </class> <!-- apitesting.createRecord -->
    </test> <!-- Default test -->
  </suite> <!-- Default suite -->
</testng-results>
