<?xml version="1.0" encoding="UTF-8"?>
<testng-results skipped="0" failed="0" total="2" passed="2">
  <reporter-output>
  </reporter-output>
  <suite name="Suite" duration-ms="118816" started-at="2019-09-10T15:15:57Z" finished-at="2019-09-10T15:17:56Z">
    <groups>
    </groups>
    <test name="Test" duration-ms="118816" started-at="2019-09-10T15:15:57Z" finished-at="2019-09-10T15:17:56Z">
      <class name="testScript.TC_BookAFlightOneWayOnePassanger">
        <test-method status="PASS" signature="login()[pri:0, instance:testScript.TC_BookAFlightOneWayOnePassanger@735b5592]" name="login" duration-ms="117566" started-at="2019-09-10T20:45:57Z" finished-at="2019-09-10T20:47:55Z">
          <reporter-output>
          </reporter-output>
        </test-method> <!-- login -->
        <test-method status="PASS" signature="bookAFLight()[pri:0, instance:testScript.TC_BookAFlightOneWayOnePassanger@735b5592]" name="bookAFLight" duration-ms="1215" started-at="2019-09-10T20:47:55Z" depends-on-methods="testScript.TC_BookAFlightOneWayOnePassanger.login" finished-at="2019-09-10T20:47:56Z">
          <reporter-output>
          </reporter-output>
        </test-method> <!-- bookAFLight -->
      </class> <!-- testScript.TC_BookAFlightOneWayOnePassanger -->
    </test> <!-- Test -->
  </suite> <!-- Suite -->
</testng-results>
