<?xml version="1.0" encoding="UTF-8"?>
<testng-results skipped="0" failed="0" total="1" passed="1">
  <reporter-output>
  </reporter-output>
  <suite name="Suite" duration-ms="13326" started-at="2019-09-09T16:12:32Z" finished-at="2019-09-09T16:12:46Z">
    <groups>
    </groups>
    <test name="Test" duration-ms="13326" started-at="2019-09-09T16:12:32Z" finished-at="2019-09-09T16:12:46Z">
      <class name="testScript.TC_BookAFlightOneWayOnePassanger">
        <test-method status="PASS" signature="script()[pri:0, instance:testScript.TC_BookAFlightOneWayOnePassanger@735b5592]" name="script" duration-ms="13307" started-at="2019-09-09T21:42:32Z" finished-at="2019-09-09T21:42:46Z">
          <reporter-output>
          </reporter-output>
        </test-method> <!-- script -->
      </class> <!-- testScript.TC_BookAFlightOneWayOnePassanger -->
    </test> <!-- Test -->
  </suite> <!-- Suite -->
</testng-results>
